

times in msec
 clock   self+sourced   self:  sourced script
 clock   elapsed:              other lines

000.034  000.034: --- NVIM STARTING ---
000.534  000.500: locale set
001.236  000.702: inits 1
001.260  000.024: window checked
008.317  007.057: parsing arguments
008.419  000.102: expanding arguments
008.459  000.040: inits 2
009.406  000.947: init highlight
009.409  000.003: waiting for UI
010.909  001.500: done waiting for UI
010.943  000.034: init screen for UI
010.975  000.032: init default mappings
011.110  000.134: init default autocommands
011.431  000.024  000.024: sourcing /usr/share/nvim/archlinux.vim
011.441  000.168  000.144: sourcing /etc/xdg/nvim/sysinit.vim
016.941  000.217  000.217: sourcing /usr/share/nvim/runtime/syntax/synload.vim
030.421  000.031  000.031: sourcing /home/jedi/.local/share/nvim/site/pack/packer/start/nvim-treesitter/ftdetect/fusion.vim
030.561  000.032  000.032: sourcing /home/jedi/.local/share/nvim/site/pack/packer/start/nvim-treesitter/ftdetect/gdresource.vim
030.726  000.031  000.031: sourcing /home/jedi/.local/share/nvim/site/pack/packer/start/nvim-treesitter/ftdetect/gdscript.vim
030.880  000.022  000.022: sourcing /home/jedi/.local/share/nvim/site/pack/packer/start/nvim-treesitter/ftdetect/glimmer.vim
031.031  000.029  000.029: sourcing /home/jedi/.local/share/nvim/site/pack/packer/start/nvim-treesitter/ftdetect/glsl.vim
031.182  000.024  000.024: sourcing /home/jedi/.local/share/nvim/site/pack/packer/start/nvim-treesitter/ftdetect/gowork.vim
031.362  000.052  000.052: sourcing /home/jedi/.local/share/nvim/site/pack/packer/start/nvim-treesitter/ftdetect/graphql.vim
031.525  000.034  000.034: sourcing /home/jedi/.local/share/nvim/site/pack/packer/start/nvim-treesitter/ftdetect/hack.vim
031.688  000.038  000.038: sourcing /home/jedi/.local/share/nvim/site/pack/packer/start/nvim-treesitter/ftdetect/hcl.vim
031.834  000.024  000.024: sourcing /home/jedi/.local/share/nvim/site/pack/packer/start/nvim-treesitter/ftdetect/heex.vim
031.983  000.024  000.024: sourcing /home/jedi/.local/share/nvim/site/pack/packer/start/nvim-treesitter/ftdetect/hjson.vim
032.136  000.027  000.027: sourcing /home/jedi/.local/share/nvim/site/pack/packer/start/nvim-treesitter/ftdetect/json5.vim
032.299  000.039  000.039: sourcing /home/jedi/.local/share/nvim/site/pack/packer/start/nvim-treesitter/ftdetect/ledger.vim
032.446  000.026  000.026: sourcing /home/jedi/.local/share/nvim/site/pack/packer/start/nvim-treesitter/ftdetect/nix.vim
032.613  000.024  000.024: sourcing /home/jedi/.local/share/nvim/site/pack/packer/start/nvim-treesitter/ftdetect/prisma.vim
032.769  000.026  000.026: sourcing /home/jedi/.local/share/nvim/site/pack/packer/start/nvim-treesitter/ftdetect/pug.vim
032.923  000.030  000.030: sourcing /home/jedi/.local/share/nvim/site/pack/packer/start/nvim-treesitter/ftdetect/ql.vim
033.097  000.051  000.051: sourcing /home/jedi/.local/share/nvim/site/pack/packer/start/nvim-treesitter/ftdetect/query.vim
033.251  000.027  000.027: sourcing /home/jedi/.local/share/nvim/site/pack/packer/start/nvim-treesitter/ftdetect/surface.vim
033.398  000.023  000.023: sourcing /home/jedi/.local/share/nvim/site/pack/packer/start/nvim-treesitter/ftdetect/teal.vim
033.550  000.027  000.027: sourcing /home/jedi/.local/share/nvim/site/pack/packer/start/nvim-treesitter/ftdetect/tlaplus.vim
033.711  000.034  000.034: sourcing /home/jedi/.local/share/nvim/site/pack/packer/start/nvim-treesitter/ftdetect/yang.vim
034.059  000.034  000.034: sourcing /usr/share/vim/vimfiles/ftdetect/PKGBUILD.vim
034.760  017.324  016.615: sourcing /usr/share/nvim/runtime/filetype.vim
038.196  001.472  001.472: sourcing /usr/share/nvim/runtime/syntax/lua.vim
039.814  023.645  004.632: sourcing /usr/share/nvim/runtime/syntax/syntax.vim
049.978  008.288  008.288: sourcing /home/jedi/.local/share/nvim/site/pack/packer/start/material.nvim/colors/material.vim
334.683  322.612  290.679: sourcing /home/jedi/.config/nvim/init.lua
334.815  000.924: sourcing vimrc file(s)
335.404  000.140  000.140: sourcing /usr/share/nvim/runtime/ftplugin.vim
335.973  000.084  000.084: sourcing /usr/share/nvim/runtime/indent.vim
339.973  000.490  000.490: sourcing /usr/share/nvim/runtime/plugin/gzip.vim
340.132  000.027  000.027: sourcing /usr/share/nvim/runtime/plugin/health.vim
340.395  000.148  000.148: sourcing /usr/share/nvim/runtime/plugin/man.vim
342.580  000.518  000.518: sourcing /usr/share/nvim/runtime/pack/dist/opt/matchit/plugin/matchit.vim
342.881  002.382  001.864: sourcing /usr/share/nvim/runtime/plugin/matchit.vim
343.358  000.364  000.364: sourcing /usr/share/nvim/runtime/plugin/matchparen.vim
343.524  000.047  000.047: sourcing /usr/share/nvim/runtime/plugin/netrwPlugin.vim
344.043  000.025  000.025: sourcing /home/jedi/.local/share/nvim/rplugin.vim
344.061  000.427  000.401: sourcing /usr/share/nvim/runtime/plugin/rplugin.vim
344.405  000.238  000.238: sourcing /usr/share/nvim/runtime/plugin/shada.vim
344.605  000.061  000.061: sourcing /usr/share/nvim/runtime/plugin/spellfile.vim
345.069  000.343  000.343: sourcing /usr/share/nvim/runtime/plugin/tarPlugin.vim
345.396  000.197  000.197: sourcing /usr/share/nvim/runtime/plugin/tohtml.vim
345.569  000.047  000.047: sourcing /usr/share/nvim/runtime/plugin/tutor.vim
346.113  000.421  000.421: sourcing /usr/share/nvim/runtime/plugin/zipPlugin.vim
347.562  001.170  001.170: sourcing /usr/share/vim/vimfiles/plugin/fzf.vim
347.897  000.193  000.193: sourcing /usr/share/vim/vimfiles/plugin/redact_pass.vim
356.349  007.052  007.052: sourcing /home/jedi/.config/nvim/plugin/packer_compiled.lua
356.763  008.120: loading rtp plugins
357.987  000.068  000.068: sourcing /home/jedi/.local/share/nvim/site/pack/packer/start/formatter.nvim/plugin/formatter.vim
358.843  000.354  000.354: sourcing /home/jedi/.local/share/nvim/site/pack/packer/start/hop.nvim/plugin/hop.vim
359.867  000.066  000.066: sourcing /home/jedi/.local/share/nvim/site/pack/packer/start/nvim-colorizer.lua/plugin/colorizer.vim
362.200  000.464  000.464: sourcing /home/jedi/.local/share/nvim/site/pack/packer/start/nvim-rooter.lua/plugin/nvim-rooter.lua
362.932  000.280  000.280: sourcing /home/jedi/.local/share/nvim/site/pack/packer/start/nvim-tree.lua/plugin/nvim-tree-startup.lua
366.903  003.621  003.621: sourcing /home/jedi/.local/share/nvim/site/pack/packer/start/nvim-treesitter/plugin/nvim-treesitter.vim
367.443  000.078  000.078: sourcing /home/jedi/.local/share/nvim/site/pack/packer/start/nvim-web-devicons/plugin/nvim-web-devicons.vim
368.030  000.071  000.071: sourcing /home/jedi/.local/share/nvim/site/pack/packer/start/plenary.nvim/plugin/plenary.vim
368.854  000.318  000.318: sourcing /home/jedi/.local/share/nvim/site/pack/packer/start/telescope.nvim/plugin/telescope.vim
369.328  000.072  000.072: sourcing /home/jedi/.local/share/nvim/site/pack/packer/start/toggleterm.nvim/plugin/toggleterm.vim
369.882  007.729: loading packages
369.931  000.049: loading after plugins
369.953  000.021: inits 3
379.165  009.212: reading ShaDa
405.023  000.557  000.557: sourcing /usr/share/nvim/runtime/syntax/lua.vim
407.590  000.064  000.064: sourcing /usr/share/nvim/runtime/ftplugin/lua.vim
408.520  000.242  000.242: sourcing /home/jedi/.config/nvim/ftplugin/lua.lua
409.746  000.039  000.039: sourcing /usr/share/nvim/runtime/indent/lua.vim
416.544  000.544  000.544: sourcing /usr/share/nvim/runtime/syntax/lua.vim
418.037  000.354  000.354: sourcing /usr/share/nvim/runtime/autoload/provider/clipboard.vim
418.207  037.242: opening buffers
418.780  000.573: BufEnter autocommands
418.783  000.003: editing files in windows
423.822  005.039: VimEnter autocommands
423.831  000.009: UIEnter autocommands
423.839  000.008: before starting main loop
440.445  016.606: first screen update
440.450  000.005: --- NVIM STARTED ---


times in msec
 clock   self+sourced   self:  sourced script
 clock   elapsed:              other lines

000.036  000.036: --- NVIM STARTING ---
000.477  000.441: locale set
001.088  000.611: inits 1
001.109  000.021: window checked
007.769  006.660: parsing arguments
007.896  000.127: expanding arguments
007.929  000.033: inits 2
008.872  000.943: init highlight
008.876  000.003: waiting for UI
010.471  001.595: done waiting for UI
010.509  000.038: init screen for UI
010.541  000.032: init default mappings
010.676  000.135: init default autocommands
011.004  000.023  000.023: sourcing /usr/share/nvim/archlinux.vim
011.014  000.153  000.130: sourcing /etc/xdg/nvim/sysinit.vim
015.411  000.176  000.176: sourcing /usr/share/nvim/runtime/syntax/synload.vim
027.281  000.031  000.031: sourcing /home/jedi/.local/share/nvim/site/pack/packer/start/nvim-treesitter/ftdetect/fusion.vim
027.422  000.036  000.036: sourcing /home/jedi/.local/share/nvim/site/pack/packer/start/nvim-treesitter/ftdetect/gdresource.vim
027.550  000.028  000.028: sourcing /home/jedi/.local/share/nvim/site/pack/packer/start/nvim-treesitter/ftdetect/gdscript.vim
027.677  000.023  000.023: sourcing /home/jedi/.local/share/nvim/site/pack/packer/start/nvim-treesitter/ftdetect/glimmer.vim
027.811  000.038  000.038: sourcing /home/jedi/.local/share/nvim/site/pack/packer/start/nvim-treesitter/ftdetect/glsl.vim
027.948  000.029  000.029: sourcing /home/jedi/.local/share/nvim/site/pack/packer/start/nvim-treesitter/ftdetect/gowork.vim
028.096  000.050  000.050: sourcing /home/jedi/.local/share/nvim/site/pack/packer/start/nvim-treesitter/ftdetect/graphql.vim
028.231  000.033  000.033: sourcing /home/jedi/.local/share/nvim/site/pack/packer/start/nvim-treesitter/ftdetect/hack.vim
028.367  000.040  000.040: sourcing /home/jedi/.local/share/nvim/site/pack/packer/start/nvim-treesitter/ftdetect/hcl.vim
028.489  000.023  000.023: sourcing /home/jedi/.local/share/nvim/site/pack/packer/start/nvim-treesitter/ftdetect/heex.vim
028.612  000.023  000.023: sourcing /home/jedi/.local/share/nvim/site/pack/packer/start/nvim-treesitter/ftdetect/hjson.vim
028.739  000.027  000.027: sourcing /home/jedi/.local/share/nvim/site/pack/packer/start/nvim-treesitter/ftdetect/json5.vim
028.878  000.039  000.039: sourcing /home/jedi/.local/share/nvim/site/pack/packer/start/nvim-treesitter/ftdetect/ledger.vim
029.004  000.027  000.027: sourcing /home/jedi/.local/share/nvim/site/pack/packer/start/nvim-treesitter/ftdetect/nix.vim
029.127  000.023  000.023: sourcing /home/jedi/.local/share/nvim/site/pack/packer/start/nvim-treesitter/ftdetect/prisma.vim
029.257  000.028  000.028: sourcing /home/jedi/.local/share/nvim/site/pack/packer/start/nvim-treesitter/ftdetect/pug.vim
029.387  000.030  000.030: sourcing /home/jedi/.local/share/nvim/site/pack/packer/start/nvim-treesitter/ftdetect/ql.vim
029.539  000.056  000.056: sourcing /home/jedi/.local/share/nvim/site/pack/packer/start/nvim-treesitter/ftdetect/query.vim
029.665  000.024  000.024: sourcing /home/jedi/.local/share/nvim/site/pack/packer/start/nvim-treesitter/ftdetect/surface.vim
029.786  000.023  000.023: sourcing /home/jedi/.local/share/nvim/site/pack/packer/start/nvim-treesitter/ftdetect/teal.vim
029.912  000.027  000.027: sourcing /home/jedi/.local/share/nvim/site/pack/packer/start/nvim-treesitter/ftdetect/tlaplus.vim
030.041  000.029  000.029: sourcing /home/jedi/.local/share/nvim/site/pack/packer/start/nvim-treesitter/ftdetect/yang.vim
030.323  000.026  000.026: sourcing /usr/share/vim/vimfiles/ftdetect/PKGBUILD.vim
030.889  015.077  014.364: sourcing /usr/share/nvim/runtime/filetype.vim
033.998  001.420  001.420: sourcing /usr/share/nvim/runtime/syntax/lua.vim
035.572  020.778  004.104: sourcing /usr/share/nvim/runtime/syntax/syntax.vim
045.173  007.821  007.821: sourcing /home/jedi/.local/share/nvim/site/pack/packer/start/material.nvim/colors/material.vim
151.191  139.715  111.116: sourcing /home/jedi/.config/nvim/init.lua
151.303  000.760: sourcing vimrc file(s)
151.676  000.068  000.068: sourcing /usr/share/nvim/runtime/ftplugin.vim
152.030  000.038  000.038: sourcing /usr/share/nvim/runtime/indent.vim
154.677  000.253  000.253: sourcing /usr/share/nvim/runtime/plugin/gzip.vim
154.790  000.013  000.013: sourcing /usr/share/nvim/runtime/plugin/health.vim
154.971  000.088  000.088: sourcing /usr/share/nvim/runtime/plugin/man.vim
156.665  000.244  000.244: sourcing /usr/share/nvim/runtime/pack/dist/opt/matchit/plugin/matchit.vim
156.845  001.783  001.539: sourcing /usr/share/nvim/runtime/plugin/matchit.vim
157.107  000.174  000.174: sourcing /usr/share/nvim/runtime/plugin/matchparen.vim
157.218  000.023  000.023: sourcing /usr/share/nvim/runtime/plugin/netrwPlugin.vim
157.539  000.012  000.012: sourcing /home/jedi/.local/share/nvim/rplugin.vim
157.548  000.245  000.233: sourcing /usr/share/nvim/runtime/plugin/rplugin.vim
157.741  000.113  000.113: sourcing /usr/share/nvim/runtime/plugin/shada.vim
157.870  000.030  000.030: sourcing /usr/share/nvim/runtime/plugin/spellfile.vim
158.133  000.170  000.170: sourcing /usr/share/nvim/runtime/plugin/tarPlugin.vim
158.324  000.094  000.094: sourcing /usr/share/nvim/runtime/plugin/tohtml.vim
158.438  000.022  000.022: sourcing /usr/share/nvim/runtime/plugin/tutor.vim
158.725  000.198  000.198: sourcing /usr/share/nvim/runtime/plugin/zipPlugin.vim
159.556  000.658  000.658: sourcing /usr/share/vim/vimfiles/plugin/fzf.vim
159.769  000.110  000.110: sourcing /usr/share/vim/vimfiles/plugin/redact_pass.vim
162.623  001.695  001.695: sourcing /home/jedi/.config/nvim/plugin/packer_compiled.lua
162.860  005.782: loading rtp plugins
163.691  000.039  000.039: sourcing /home/jedi/.local/share/nvim/site/pack/packer/start/formatter.nvim/plugin/formatter.vim
164.223  000.187  000.187: sourcing /home/jedi/.local/share/nvim/site/pack/packer/start/hop.nvim/plugin/hop.vim
164.913  000.039  000.039: sourcing /home/jedi/.local/share/nvim/site/pack/packer/start/nvim-colorizer.lua/plugin/colorizer.vim
166.636  000.307  000.307: sourcing /home/jedi/.local/share/nvim/site/pack/packer/start/nvim-rooter.lua/plugin/nvim-rooter.lua
167.032  000.132  000.132: sourcing /home/jedi/.local/share/nvim/site/pack/packer/start/nvim-tree.lua/plugin/nvim-tree-startup.lua
167.900  000.648  000.648: sourcing /home/jedi/.local/share/nvim/site/pack/packer/start/nvim-treesitter/plugin/nvim-treesitter.vim
168.232  000.047  000.047: sourcing /home/jedi/.local/share/nvim/site/pack/packer/start/nvim-web-devicons/plugin/nvim-web-devicons.vim
168.616  000.038  000.038: sourcing /home/jedi/.local/share/nvim/site/pack/packer/start/plenary.nvim/plugin/plenary.vim
169.128  000.178  000.178: sourcing /home/jedi/.local/share/nvim/site/pack/packer/start/telescope.nvim/plugin/telescope.vim
169.417  000.041  000.041: sourcing /home/jedi/.local/share/nvim/site/pack/packer/start/toggleterm.nvim/plugin/toggleterm.vim
169.791  005.274: loading packages
172.216  002.425: loading after plugins
172.246  000.030: inits 3
181.445  009.199: reading ShaDa
211.603  000.555  000.555: sourcing /usr/share/nvim/runtime/syntax/lua.vim
213.475  000.066  000.066: sourcing /usr/share/nvim/runtime/ftplugin/lua.vim
214.349  000.223  000.223: sourcing /home/jedi/.config/nvim/ftplugin/lua.lua
215.506  000.039  000.039: sourcing /usr/share/nvim/runtime/indent/lua.vim
220.563  000.542  000.542: sourcing /usr/share/nvim/runtime/syntax/lua.vim
222.028  000.334  000.334: sourcing /usr/share/nvim/runtime/autoload/provider/clipboard.vim
222.163  038.958: opening buffers
222.662  000.499: BufEnter autocommands
222.665  000.003: editing files in windows
224.522  001.857: VimEnter autocommands
224.525  000.003: UIEnter autocommands
224.528  000.003: before starting main loop
237.041  012.513: first screen update
237.045  000.005: --- NVIM STARTED ---


times in msec
 clock   self+sourced   self:  sourced script
 clock   elapsed:              other lines

000.039  000.039: --- NVIM STARTING ---
000.446  000.406: locale set
001.069  000.623: inits 1
001.091  000.022: window checked
008.757  007.665: parsing arguments
008.877  000.121: expanding arguments
008.912  000.034: inits 2
010.014  001.103: init highlight
010.018  000.004: waiting for UI
011.646  001.627: done waiting for UI
011.691  000.045: init screen for UI
011.729  000.038: init default mappings
011.886  000.157: init default autocommands
012.162  000.028  000.028: sourcing /usr/share/nvim/archlinux.vim
012.173  000.160  000.131: sourcing /etc/xdg/nvim/sysinit.vim
017.035  000.175  000.175: sourcing /usr/share/nvim/runtime/syntax/synload.vim
029.030  000.032  000.032: sourcing /home/jedi/.local/share/nvim/site/pack/packer/start/nvim-treesitter/ftdetect/fusion.vim
029.168  000.037  000.037: sourcing /home/jedi/.local/share/nvim/site/pack/packer/start/nvim-treesitter/ftdetect/gdresource.vim
029.290  000.024  000.024: sourcing /home/jedi/.local/share/nvim/site/pack/packer/start/nvim-treesitter/ftdetect/gdscript.vim
029.413  000.023  000.023: sourcing /home/jedi/.local/share/nvim/site/pack/packer/start/nvim-treesitter/ftdetect/glimmer.vim
029.533  000.026  000.026: sourcing /home/jedi/.local/share/nvim/site/pack/packer/start/nvim-treesitter/ftdetect/glsl.vim
029.658  000.027  000.027: sourcing /home/jedi/.local/share/nvim/site/pack/packer/start/nvim-treesitter/ftdetect/gowork.vim
029.804  000.053  000.053: sourcing /home/jedi/.local/share/nvim/site/pack/packer/start/nvim-treesitter/ftdetect/graphql.vim
029.932  000.029  000.029: sourcing /home/jedi/.local/share/nvim/site/pack/packer/start/nvim-treesitter/ftdetect/hack.vim
030.065  000.038  000.038: sourcing /home/jedi/.local/share/nvim/site/pack/packer/start/nvim-treesitter/ftdetect/hcl.vim
030.185  000.023  000.023: sourcing /home/jedi/.local/share/nvim/site/pack/packer/start/nvim-treesitter/ftdetect/heex.vim
030.308  000.027  000.027: sourcing /home/jedi/.local/share/nvim/site/pack/packer/start/nvim-treesitter/ftdetect/hjson.vim
030.429  000.024  000.024: sourcing /home/jedi/.local/share/nvim/site/pack/packer/start/nvim-treesitter/ftdetect/json5.vim
030.566  000.038  000.038: sourcing /home/jedi/.local/share/nvim/site/pack/packer/start/nvim-treesitter/ftdetect/ledger.vim
030.689  000.026  000.026: sourcing /home/jedi/.local/share/nvim/site/pack/packer/start/nvim-treesitter/ftdetect/nix.vim
030.812  000.029  000.029: sourcing /home/jedi/.local/share/nvim/site/pack/packer/start/nvim-treesitter/ftdetect/prisma.vim
030.938  000.030  000.030: sourcing /home/jedi/.local/share/nvim/site/pack/packer/start/nvim-treesitter/ftdetect/pug.vim
031.067  000.040  000.040: sourcing /home/jedi/.local/share/nvim/site/pack/packer/start/nvim-treesitter/ftdetect/ql.vim
031.213  000.048  000.048: sourcing /home/jedi/.local/share/nvim/site/pack/packer/start/nvim-treesitter/ftdetect/query.vim
031.335  000.023  000.023: sourcing /home/jedi/.local/share/nvim/site/pack/packer/start/nvim-treesitter/ftdetect/surface.vim
031.457  000.022  000.022: sourcing /home/jedi/.local/share/nvim/site/pack/packer/start/nvim-treesitter/ftdetect/teal.vim
031.581  000.027  000.027: sourcing /home/jedi/.local/share/nvim/site/pack/packer/start/nvim-treesitter/ftdetect/tlaplus.vim
031.712  000.030  000.030: sourcing /home/jedi/.local/share/nvim/site/pack/packer/start/nvim-treesitter/ftdetect/yang.vim
032.026  000.028  000.028: sourcing /usr/share/vim/vimfiles/ftdetect/PKGBUILD.vim
032.618  015.178  014.475: sourcing /usr/share/nvim/runtime/filetype.vim
035.970  001.591  001.591: sourcing /usr/share/nvim/runtime/syntax/lua.vim
036.700  020.275  003.331: sourcing /usr/share/nvim/runtime/syntax/syntax.vim
040.977  003.346  003.346: sourcing /home/jedi/.local/share/nvim/site/pack/packer/start/material.nvim/colors/material.vim
113.517  100.844  077.223: sourcing /home/jedi/.config/nvim/init.lua
113.621  000.731: sourcing vimrc file(s)
114.078  000.118  000.118: sourcing /usr/share/nvim/runtime/ftplugin.vim
114.515  000.071  000.071: sourcing /usr/share/nvim/runtime/indent.vim
117.648  000.405  000.405: sourcing /usr/share/nvim/runtime/plugin/gzip.vim
117.784  000.024  000.024: sourcing /usr/share/nvim/runtime/plugin/health.vim
118.029  000.148  000.148: sourcing /usr/share/nvim/runtime/plugin/man.vim
119.851  000.429  000.429: sourcing /usr/share/nvim/runtime/pack/dist/opt/matchit/plugin/matchit.vim
120.108  001.985  001.555: sourcing /usr/share/nvim/runtime/plugin/matchit.vim
120.495  000.297  000.297: sourcing /usr/share/nvim/runtime/plugin/matchparen.vim
120.659  000.042  000.042: sourcing /usr/share/nvim/runtime/plugin/netrwPlugin.vim
121.167  000.019  000.019: sourcing /home/jedi/.local/share/nvim/rplugin.vim
121.176  000.403  000.384: sourcing /usr/share/nvim/runtime/plugin/rplugin.vim
121.358  000.091  000.091: sourcing /usr/share/nvim/runtime/plugin/shada.vim
121.474  000.022  000.022: sourcing /usr/share/nvim/runtime/plugin/spellfile.vim
121.687  000.121  000.121: sourcing /usr/share/nvim/runtime/plugin/tarPlugin.vim
121.849  000.068  000.068: sourcing /usr/share/nvim/runtime/plugin/tohtml.vim
121.955  000.017  000.017: sourcing /usr/share/nvim/runtime/plugin/tutor.vim
122.186  000.144  000.144: sourcing /usr/share/nvim/runtime/plugin/zipPlugin.vim
122.823  000.486  000.486: sourcing /usr/share/vim/vimfiles/plugin/fzf.vim
123.008  000.082  000.082: sourcing /usr/share/vim/vimfiles/plugin/redact_pass.vim
125.634  001.433  001.433: sourcing /home/jedi/.config/nvim/plugin/packer_compiled.lua
125.805  006.227: loading rtp plugins
126.459  000.027  000.027: sourcing /home/jedi/.local/share/nvim/site/pack/packer/start/formatter.nvim/plugin/formatter.vim
126.927  000.142  000.142: sourcing /home/jedi/.local/share/nvim/site/pack/packer/start/hop.nvim/plugin/hop.vim
127.549  000.027  000.027: sourcing /home/jedi/.local/share/nvim/site/pack/packer/start/nvim-colorizer.lua/plugin/colorizer.vim
127.889  000.085  000.085: sourcing /home/jedi/.local/share/nvim/site/pack/packer/start/nvim-rooter.lua/plugin/nvim-rooter.lua
128.222  000.103  000.103: sourcing /home/jedi/.local/share/nvim/site/pack/packer/start/nvim-tree.lua/plugin/nvim-tree-startup.lua
129.037  000.607  000.607: sourcing /home/jedi/.local/share/nvim/site/pack/packer/start/nvim-treesitter/plugin/nvim-treesitter.vim
129.318  000.031  000.031: sourcing /home/jedi/.local/share/nvim/site/pack/packer/start/nvim-web-devicons/plugin/nvim-web-devicons.vim
129.668  000.028  000.028: sourcing /home/jedi/.local/share/nvim/site/pack/packer/start/plenary.nvim/plugin/plenary.vim
133.094  003.084  003.084: sourcing /home/jedi/.local/share/nvim/site/pack/packer/start/rooter.nvim/plugin/rooter_nvim.lua
133.434  000.132  000.132: sourcing /home/jedi/.local/share/nvim/site/pack/packer/start/telescope.nvim/plugin/telescope.vim
133.699  000.030  000.030: sourcing /home/jedi/.local/share/nvim/site/pack/packer/start/toggleterm.nvim/plugin/toggleterm.vim
134.111  000.185  000.185: sourcing /home/jedi/.local/share/nvim/site/pack/packer/start/vim-rooter/plugin/rooter.vim
134.467  004.179: loading packages
134.486  000.019: loading after plugins
134.495  000.009: inits 3
137.673  003.178: reading ShaDa
151.445  000.583  000.583: sourcing /usr/share/nvim/runtime/syntax/lua.vim
155.061  000.156  000.156: sourcing /usr/share/nvim/runtime/ftplugin/lua.vim
156.353  000.264  000.264: sourcing /home/jedi/.config/nvim/ftplugin/lua.lua
158.350  000.091  000.091: sourcing /usr/share/nvim/runtime/indent/lua.vim
164.251  000.543  000.543: sourcing /usr/share/nvim/runtime/syntax/lua.vim
165.490  000.302  000.302: sourcing /usr/share/nvim/runtime/autoload/provider/clipboard.vim
166.664  027.052: opening buffers
168.315  001.651: BufEnter autocommands
168.317  000.003: editing files in windows
171.763  003.445: VimEnter autocommands
171.767  000.005: UIEnter autocommands
171.770  000.003: before starting main loop
186.707  014.937: first screen update
186.713  000.005: --- NVIM STARTED ---


times in msec
 clock   self+sourced   self:  sourced script
 clock   elapsed:              other lines

000.024  000.024: --- NVIM STARTING ---
000.489  000.464: locale set
001.103  000.615: inits 1
001.127  000.024: window checked
007.583  006.455: parsing arguments
007.680  000.097: expanding arguments
007.716  000.036: inits 2
008.617  000.901: init highlight
008.620  000.003: waiting for UI
009.606  000.986: done waiting for UI
009.641  000.035: init screen for UI
009.672  000.031: init default mappings
009.791  000.119: init default autocommands
009.997  000.021  000.021: sourcing /usr/share/nvim/archlinux.vim
010.005  000.118  000.097: sourcing /etc/xdg/nvim/sysinit.vim
013.407  000.174  000.174: sourcing /usr/share/nvim/runtime/syntax/synload.vim
025.151  000.029  000.029: sourcing /home/jedi/.local/share/nvim/site/pack/packer/start/nvim-treesitter/ftdetect/fusion.vim
025.256  000.030  000.030: sourcing /home/jedi/.local/share/nvim/site/pack/packer/start/nvim-treesitter/ftdetect/gdresource.vim
025.350  000.026  000.026: sourcing /home/jedi/.local/share/nvim/site/pack/packer/start/nvim-treesitter/ftdetect/gdscript.vim
025.443  000.021  000.021: sourcing /home/jedi/.local/share/nvim/site/pack/packer/start/nvim-treesitter/ftdetect/glimmer.vim
025.536  000.026  000.026: sourcing /home/jedi/.local/share/nvim/site/pack/packer/start/nvim-treesitter/ftdetect/glsl.vim
025.631  000.025  000.025: sourcing /home/jedi/.local/share/nvim/site/pack/packer/start/nvim-treesitter/ftdetect/gowork.vim
025.743  000.045  000.045: sourcing /home/jedi/.local/share/nvim/site/pack/packer/start/nvim-treesitter/ftdetect/graphql.vim
025.843  000.029  000.029: sourcing /home/jedi/.local/share/nvim/site/pack/packer/start/nvim-treesitter/ftdetect/hack.vim
025.948  000.036  000.036: sourcing /home/jedi/.local/share/nvim/site/pack/packer/start/nvim-treesitter/ftdetect/hcl.vim
026.039  000.021  000.021: sourcing /home/jedi/.local/share/nvim/site/pack/packer/start/nvim-treesitter/ftdetect/heex.vim
026.131  000.021  000.021: sourcing /home/jedi/.local/share/nvim/site/pack/packer/start/nvim-treesitter/ftdetect/hjson.vim
026.227  000.024  000.024: sourcing /home/jedi/.local/share/nvim/site/pack/packer/start/nvim-treesitter/ftdetect/json5.vim
026.336  000.040  000.040: sourcing /home/jedi/.local/share/nvim/site/pack/packer/start/nvim-treesitter/ftdetect/ledger.vim
026.431  000.024  000.024: sourcing /home/jedi/.local/share/nvim/site/pack/packer/start/nvim-treesitter/ftdetect/nix.vim
026.521  000.021  000.021: sourcing /home/jedi/.local/share/nvim/site/pack/packer/start/nvim-treesitter/ftdetect/prisma.vim
026.620  000.025  000.025: sourcing /home/jedi/.local/share/nvim/site/pack/packer/start/nvim-treesitter/ftdetect/pug.vim
026.715  000.027  000.027: sourcing /home/jedi/.local/share/nvim/site/pack/packer/start/nvim-treesitter/ftdetect/ql.vim
026.826  000.041  000.041: sourcing /home/jedi/.local/share/nvim/site/pack/packer/start/nvim-treesitter/ftdetect/query.vim
026.918  000.021  000.021: sourcing /home/jedi/.local/share/nvim/site/pack/packer/start/nvim-treesitter/ftdetect/surface.vim
027.010  000.020  000.020: sourcing /home/jedi/.local/share/nvim/site/pack/packer/start/nvim-treesitter/ftdetect/teal.vim
027.106  000.024  000.024: sourcing /home/jedi/.local/share/nvim/site/pack/packer/start/nvim-treesitter/ftdetect/tlaplus.vim
027.202  000.027  000.027: sourcing /home/jedi/.local/share/nvim/site/pack/packer/start/nvim-treesitter/ftdetect/yang.vim
027.453  000.024  000.024: sourcing /usr/share/vim/vimfiles/ftdetect/PKGBUILD.vim
027.906  014.191  013.565: sourcing /usr/share/nvim/runtime/filetype.vim
030.476  001.287  001.287: sourcing /usr/share/nvim/runtime/syntax/lua.vim
031.729  018.843  003.191: sourcing /usr/share/nvim/runtime/syntax/syntax.vim
040.935  007.892  007.892: sourcing /home/jedi/.local/share/nvim/site/pack/packer/start/material.nvim/colors/material.vim
100.693  090.404  063.669: sourcing /home/jedi/.config/nvim/init.lua
100.761  000.447: sourcing vimrc file(s)
100.987  000.057  000.057: sourcing /usr/share/nvim/runtime/ftplugin.vim
101.185  000.028  000.028: sourcing /usr/share/nvim/runtime/indent.vim
102.800  000.172  000.172: sourcing /usr/share/nvim/runtime/plugin/gzip.vim
102.854  000.011  000.011: sourcing /usr/share/nvim/runtime/plugin/health.vim
102.954  000.061  000.061: sourcing /usr/share/nvim/runtime/plugin/man.vim
103.767  000.181  000.181: sourcing /usr/share/nvim/runtime/pack/dist/opt/matchit/plugin/matchit.vim
103.872  000.875  000.695: sourcing /usr/share/nvim/runtime/plugin/matchit.vim
104.046  000.128  000.128: sourcing /usr/share/nvim/runtime/plugin/matchparen.vim
104.108  000.018  000.018: sourcing /usr/share/nvim/runtime/plugin/netrwPlugin.vim
104.310  000.018  000.018: sourcing /home/jedi/.local/share/nvim/rplugin.vim
104.317  000.168  000.150: sourcing /usr/share/nvim/runtime/plugin/rplugin.vim
104.437  000.078  000.078: sourcing /usr/share/nvim/runtime/plugin/shada.vim
104.508  000.022  000.022: sourcing /usr/share/nvim/runtime/plugin/spellfile.vim
104.679  000.122  000.122: sourcing /usr/share/nvim/runtime/plugin/tarPlugin.vim
104.796  000.069  000.069: sourcing /usr/share/nvim/runtime/plugin/tohtml.vim
104.855  000.017  000.017: sourcing /usr/share/nvim/runtime/plugin/tutor.vim
105.042  000.144  000.144: sourcing /usr/share/nvim/runtime/plugin/zipPlugin.vim
105.631  000.483  000.483: sourcing /usr/share/vim/vimfiles/plugin/fzf.vim
105.773  000.082  000.082: sourcing /usr/share/vim/vimfiles/plugin/redact_pass.vim
107.031  000.791  000.791: sourcing /home/jedi/.config/nvim/plugin/packer_compiled.lua
107.190  003.103: loading rtp plugins
107.601  000.026  000.026: sourcing /home/jedi/.local/share/nvim/site/pack/packer/start/formatter.nvim/plugin/formatter.vim
107.921  000.139  000.139: sourcing /home/jedi/.local/share/nvim/site/pack/packer/start/hop.nvim/plugin/hop.vim
108.297  000.082  000.082: sourcing /home/jedi/.local/share/nvim/site/pack/packer/start/my-rooter/plugin/nvim-rooter.lua
108.510  000.027  000.027: sourcing /home/jedi/.local/share/nvim/site/pack/packer/start/nvim-colorizer.lua/plugin/colorizer.vim
108.769  000.095  000.095: sourcing /home/jedi/.local/share/nvim/site/pack/packer/start/nvim-tree.lua/plugin/nvim-tree-startup.lua
109.380  000.492  000.492: sourcing /home/jedi/.local/share/nvim/site/pack/packer/start/nvim-treesitter/plugin/nvim-treesitter.vim
109.612  000.029  000.029: sourcing /home/jedi/.local/share/nvim/site/pack/packer/start/nvim-web-devicons/plugin/nvim-web-devicons.vim
109.900  000.027  000.027: sourcing /home/jedi/.local/share/nvim/site/pack/packer/start/plenary.nvim/plugin/plenary.vim
110.273  000.090  000.090: sourcing /home/jedi/.local/share/nvim/site/pack/packer/start/rooter.nvim/plugin/rooter_nvim.lua
110.565  000.125  000.125: sourcing /home/jedi/.local/share/nvim/site/pack/packer/start/telescope.nvim/plugin/telescope.vim
110.788  000.027  000.027: sourcing /home/jedi/.local/share/nvim/site/pack/packer/start/toggleterm.nvim/plugin/toggleterm.vim
111.154  000.179  000.179: sourcing /home/jedi/.local/share/nvim/site/pack/packer/start/vim-rooter/plugin/rooter.vim
111.452  002.924: loading packages
112.690  001.238: loading after plugins
112.701  000.011: inits 3
115.879  003.177: reading ShaDa
129.688  000.555  000.555: sourcing /usr/share/nvim/runtime/syntax/lua.vim
131.337  000.067  000.067: sourcing /usr/share/nvim/runtime/ftplugin/lua.vim
132.027  000.157  000.157: sourcing /home/jedi/.config/nvim/ftplugin/lua.lua
132.912  000.040  000.040: sourcing /usr/share/nvim/runtime/indent/lua.vim
137.297  000.529  000.529: sourcing /usr/share/nvim/runtime/syntax/lua.vim
138.725  000.263  000.263: sourcing /usr/share/nvim/runtime/autoload/provider/clipboard.vim
139.749  022.259: opening buffers
141.535  001.786: BufEnter autocommands
141.537  000.003: editing files in windows
144.474  002.937: VimEnter autocommands
144.478  000.004: UIEnter autocommands
144.481  000.003: before starting main loop
160.017  015.536: first screen update
160.023  000.005: --- NVIM STARTED ---


times in msec
 clock   self+sourced   self:  sourced script
 clock   elapsed:              other lines

000.038  000.038: --- NVIM STARTING ---
000.465  000.427: locale set
001.044  000.579: inits 1
001.066  000.021: window checked
008.597  007.532: parsing arguments
008.745  000.147: expanding arguments
008.784  000.040: inits 2
010.007  001.222: init highlight
010.011  000.005: waiting for UI
011.419  001.408: done waiting for UI
011.462  000.043: init screen for UI
011.500  000.038: init default mappings
011.654  000.154: init default autocommands
012.032  000.029  000.029: sourcing /usr/share/nvim/archlinux.vim
012.044  000.217  000.187: sourcing /etc/xdg/nvim/sysinit.vim
017.553  000.196  000.196: sourcing /usr/share/nvim/runtime/syntax/synload.vim
030.691  000.042  000.042: sourcing /home/jedi/.local/share/nvim/site/pack/packer/start/nvim-treesitter/ftdetect/fusion.vim
030.899  000.045  000.045: sourcing /home/jedi/.local/share/nvim/site/pack/packer/start/nvim-treesitter/ftdetect/gdresource.vim
031.083  000.039  000.039: sourcing /home/jedi/.local/share/nvim/site/pack/packer/start/nvim-treesitter/ftdetect/gdscript.vim
031.261  000.033  000.033: sourcing /home/jedi/.local/share/nvim/site/pack/packer/start/nvim-treesitter/ftdetect/glimmer.vim
031.444  000.043  000.043: sourcing /home/jedi/.local/share/nvim/site/pack/packer/start/nvim-treesitter/ftdetect/glsl.vim
031.630  000.040  000.040: sourcing /home/jedi/.local/share/nvim/site/pack/packer/start/nvim-treesitter/ftdetect/gowork.vim
031.841  000.070  000.070: sourcing /home/jedi/.local/share/nvim/site/pack/packer/start/nvim-treesitter/ftdetect/graphql.vim
032.032  000.040  000.040: sourcing /home/jedi/.local/share/nvim/site/pack/packer/start/nvim-treesitter/ftdetect/hack.vim
032.230  000.052  000.052: sourcing /home/jedi/.local/share/nvim/site/pack/packer/start/nvim-treesitter/ftdetect/hcl.vim
032.426  000.035  000.035: sourcing /home/jedi/.local/share/nvim/site/pack/packer/start/nvim-treesitter/ftdetect/heex.vim
032.608  000.034  000.034: sourcing /home/jedi/.local/share/nvim/site/pack/packer/start/nvim-treesitter/ftdetect/hjson.vim
032.790  000.034  000.034: sourcing /home/jedi/.local/share/nvim/site/pack/packer/start/nvim-treesitter/ftdetect/json5.vim
032.989  000.053  000.053: sourcing /home/jedi/.local/share/nvim/site/pack/packer/start/nvim-treesitter/ftdetect/ledger.vim
033.171  000.032  000.032: sourcing /home/jedi/.local/share/nvim/site/pack/packer/start/nvim-treesitter/ftdetect/nix.vim
033.349  000.038  000.038: sourcing /home/jedi/.local/share/nvim/site/pack/packer/start/nvim-treesitter/ftdetect/prisma.vim
033.505  000.034  000.034: sourcing /home/jedi/.local/share/nvim/site/pack/packer/start/nvim-treesitter/ftdetect/pug.vim
033.655  000.035  000.035: sourcing /home/jedi/.local/share/nvim/site/pack/packer/start/nvim-treesitter/ftdetect/ql.vim
033.834  000.057  000.057: sourcing /home/jedi/.local/share/nvim/site/pack/packer/start/nvim-treesitter/ftdetect/query.vim
033.985  000.028  000.028: sourcing /home/jedi/.local/share/nvim/site/pack/packer/start/nvim-treesitter/ftdetect/surface.vim
034.132  000.027  000.027: sourcing /home/jedi/.local/share/nvim/site/pack/packer/start/nvim-treesitter/ftdetect/teal.vim
034.284  000.032  000.032: sourcing /home/jedi/.local/share/nvim/site/pack/packer/start/nvim-treesitter/ftdetect/tlaplus.vim
034.437  000.035  000.035: sourcing /home/jedi/.local/share/nvim/site/pack/packer/start/nvim-treesitter/ftdetect/yang.vim
034.784  000.030  000.030: sourcing /usr/share/vim/vimfiles/ftdetect/PKGBUILD.vim
035.416  017.435  016.527: sourcing /usr/share/nvim/runtime/filetype.vim
038.608  001.534  001.534: sourcing /usr/share/nvim/runtime/syntax/lua.vim
040.274  023.400  004.234: sourcing /usr/share/nvim/runtime/syntax/syntax.vim
052.004  009.634  009.634: sourcing /home/jedi/.local/share/nvim/site/pack/packer/start/material.nvim/colors/material.vim
141.429  128.837  095.804: sourcing /home/jedi/.config/nvim/init.lua
141.494  000.786: sourcing vimrc file(s)
141.717  000.054  000.054: sourcing /usr/share/nvim/runtime/ftplugin.vim
141.909  000.028  000.028: sourcing /usr/share/nvim/runtime/indent.vim
143.517  000.167  000.167: sourcing /usr/share/nvim/runtime/plugin/gzip.vim
143.578  000.011  000.011: sourcing /usr/share/nvim/runtime/plugin/health.vim
143.688  000.061  000.061: sourcing /usr/share/nvim/runtime/plugin/man.vim
144.596  000.172  000.172: sourcing /usr/share/nvim/runtime/pack/dist/opt/matchit/plugin/matchit.vim
144.709  000.970  000.799: sourcing /usr/share/nvim/runtime/plugin/matchit.vim
144.878  000.119  000.119: sourcing /usr/share/nvim/runtime/plugin/matchparen.vim
144.944  000.016  000.016: sourcing /usr/share/nvim/runtime/plugin/netrwPlugin.vim
145.148  000.010  000.010: sourcing /home/jedi/.local/share/nvim/rplugin.vim
145.155  000.165  000.155: sourcing /usr/share/nvim/runtime/plugin/rplugin.vim
145.278  000.077  000.077: sourcing /usr/share/nvim/runtime/plugin/shada.vim
145.361  000.021  000.021: sourcing /usr/share/nvim/runtime/plugin/spellfile.vim
145.531  000.116  000.116: sourcing /usr/share/nvim/runtime/plugin/tarPlugin.vim
145.655  000.068  000.068: sourcing /usr/share/nvim/runtime/plugin/tohtml.vim
145.728  000.017  000.017: sourcing /usr/share/nvim/runtime/plugin/tutor.vim
145.922  000.142  000.142: sourcing /usr/share/nvim/runtime/plugin/zipPlugin.vim
146.508  000.478  000.478: sourcing /usr/share/vim/vimfiles/plugin/fzf.vim
146.656  000.080  000.080: sourcing /usr/share/vim/vimfiles/plugin/redact_pass.vim
148.212  000.926  000.926: sourcing /home/jedi/.config/nvim/plugin/packer_compiled.lua
148.375  003.366: loading rtp plugins
148.830  000.027  000.027: sourcing /home/jedi/.local/share/nvim/site/pack/packer/start/formatter.nvim/plugin/formatter.vim
149.185  000.139  000.139: sourcing /home/jedi/.local/share/nvim/site/pack/packer/start/hop.nvim/plugin/hop.vim
149.607  000.079  000.079: sourcing /home/jedi/.local/share/nvim/site/pack/packer/start/my-rooter/plugin/nvim-rooter.lua
149.817  000.025  000.025: sourcing /home/jedi/.local/share/nvim/site/pack/packer/start/nvim-colorizer.lua/plugin/colorizer.vim
150.100  000.099  000.099: sourcing /home/jedi/.local/share/nvim/site/pack/packer/start/nvim-tree.lua/plugin/nvim-tree-startup.lua
150.836  000.604  000.604: sourcing /home/jedi/.local/share/nvim/site/pack/packer/start/nvim-treesitter/plugin/nvim-treesitter.vim
151.036  000.029  000.029: sourcing /home/jedi/.local/share/nvim/site/pack/packer/start/nvim-web-devicons/plugin/nvim-web-devicons.vim
151.273  000.028  000.028: sourcing /home/jedi/.local/share/nvim/site/pack/packer/start/plenary.nvim/plugin/plenary.vim
151.623  000.122  000.122: sourcing /home/jedi/.local/share/nvim/site/pack/packer/start/rooter.nvim/plugin/rooter_nvim.lua
151.879  000.125  000.125: sourcing /home/jedi/.local/share/nvim/site/pack/packer/start/telescope.nvim/plugin/telescope.vim
152.068  000.027  000.027: sourcing /home/jedi/.local/share/nvim/site/pack/packer/start/toggleterm.nvim/plugin/toggleterm.vim
152.413  000.190  000.190: sourcing /home/jedi/.local/share/nvim/site/pack/packer/start/vim-rooter/plugin/rooter.vim
152.644  002.775: loading packages
153.721  001.077: loading after plugins
153.731  000.010: inits 3
156.987  003.256: reading ShaDa
171.995  001.167  001.167: sourcing /usr/share/nvim/runtime/syntax/lua.vim
174.329  000.079  000.079: sourcing /usr/share/nvim/runtime/ftplugin/lua.vim
174.986  000.144  000.144: sourcing /home/jedi/.config/nvim/ftplugin/lua.lua
175.936  000.045  000.045: sourcing /usr/share/nvim/runtime/indent/lua.vim
180.818  000.576  000.576: sourcing /usr/share/nvim/runtime/syntax/lua.vim
182.081  000.283  000.283: sourcing /usr/share/nvim/runtime/autoload/provider/clipboard.vim
183.168  023.887: opening buffers
183.678  000.510: BufEnter autocommands
183.683  000.004: editing files in windows
185.976  002.293: VimEnter autocommands
185.979  000.003: UIEnter autocommands
185.983  000.003: before starting main loop
197.484  011.501: first screen update
197.487  000.004: --- NVIM STARTED ---


times in msec
 clock   self+sourced   self:  sourced script
 clock   elapsed:              other lines

000.033  000.033: --- NVIM STARTING ---
000.454  000.421: locale set
001.045  000.590: inits 1
001.070  000.026: window checked
007.578  006.508: parsing arguments
007.692  000.114: expanding arguments
007.728  000.036: inits 2
008.668  000.939: init highlight
008.671  000.003: waiting for UI
009.689  001.019: done waiting for UI
009.727  000.037: init screen for UI
009.759  000.032: init default mappings
009.881  000.123: init default autocommands
010.145  000.023  000.023: sourcing /usr/share/nvim/archlinux.vim
010.155  000.146  000.123: sourcing /etc/xdg/nvim/sysinit.vim
014.154  000.155  000.155: sourcing /usr/share/nvim/runtime/syntax/synload.vim
026.270  000.033  000.033: sourcing /home/jedi/.local/share/nvim/site/pack/packer/start/nvim-treesitter/ftdetect/fusion.vim
026.407  000.033  000.033: sourcing /home/jedi/.local/share/nvim/site/pack/packer/start/nvim-treesitter/ftdetect/gdresource.vim
026.534  000.028  000.028: sourcing /home/jedi/.local/share/nvim/site/pack/packer/start/nvim-treesitter/ftdetect/gdscript.vim
026.656  000.023  000.023: sourcing /home/jedi/.local/share/nvim/site/pack/packer/start/nvim-treesitter/ftdetect/glimmer.vim
026.778  000.027  000.027: sourcing /home/jedi/.local/share/nvim/site/pack/packer/start/nvim-treesitter/ftdetect/glsl.vim
026.906  000.028  000.028: sourcing /home/jedi/.local/share/nvim/site/pack/packer/start/nvim-treesitter/ftdetect/gowork.vim
027.055  000.050  000.050: sourcing /home/jedi/.local/share/nvim/site/pack/packer/start/nvim-treesitter/ftdetect/graphql.vim
027.191  000.032  000.032: sourcing /home/jedi/.local/share/nvim/site/pack/packer/start/nvim-treesitter/ftdetect/hack.vim
027.329  000.040  000.040: sourcing /home/jedi/.local/share/nvim/site/pack/packer/start/nvim-treesitter/ftdetect/hcl.vim
027.452  000.024  000.024: sourcing /home/jedi/.local/share/nvim/site/pack/packer/start/nvim-treesitter/ftdetect/heex.vim
027.579  000.024  000.024: sourcing /home/jedi/.local/share/nvim/site/pack/packer/start/nvim-treesitter/ftdetect/hjson.vim
027.706  000.027  000.027: sourcing /home/jedi/.local/share/nvim/site/pack/packer/start/nvim-treesitter/ftdetect/json5.vim
027.846  000.042  000.042: sourcing /home/jedi/.local/share/nvim/site/pack/packer/start/nvim-treesitter/ftdetect/ledger.vim
027.969  000.024  000.024: sourcing /home/jedi/.local/share/nvim/site/pack/packer/start/nvim-treesitter/ftdetect/nix.vim
028.093  000.023  000.023: sourcing /home/jedi/.local/share/nvim/site/pack/packer/start/nvim-treesitter/ftdetect/prisma.vim
028.225  000.030  000.030: sourcing /home/jedi/.local/share/nvim/site/pack/packer/start/nvim-treesitter/ftdetect/pug.vim
028.354  000.030  000.030: sourcing /home/jedi/.local/share/nvim/site/pack/packer/start/nvim-treesitter/ftdetect/ql.vim
028.499  000.046  000.046: sourcing /home/jedi/.local/share/nvim/site/pack/packer/start/nvim-treesitter/ftdetect/query.vim
028.624  000.024  000.024: sourcing /home/jedi/.local/share/nvim/site/pack/packer/start/nvim-treesitter/ftdetect/surface.vim
028.749  000.023  000.023: sourcing /home/jedi/.local/share/nvim/site/pack/packer/start/nvim-treesitter/ftdetect/teal.vim
028.876  000.027  000.027: sourcing /home/jedi/.local/share/nvim/site/pack/packer/start/nvim-treesitter/ftdetect/tlaplus.vim
029.005  000.030  000.030: sourcing /home/jedi/.local/share/nvim/site/pack/packer/start/nvim-treesitter/ftdetect/yang.vim
029.320  000.027  000.027: sourcing /usr/share/vim/vimfiles/ftdetect/PKGBUILD.vim
029.852  015.380  014.687: sourcing /usr/share/nvim/runtime/filetype.vim
032.826  001.453  001.453: sourcing /usr/share/nvim/runtime/syntax/lua.vim
034.517  020.871  003.883: sourcing /usr/share/nvim/runtime/syntax/syntax.vim
045.006  008.385  008.385: sourcing /home/jedi/.local/share/nvim/site/pack/packer/start/material.nvim/colors/material.vim
121.785  111.236  081.980: sourcing /home/jedi/.config/nvim/init.lua
121.868  000.605: sourcing vimrc file(s)
122.120  000.055  000.055: sourcing /usr/share/nvim/runtime/ftplugin.vim
122.344  000.027  000.027: sourcing /usr/share/nvim/runtime/indent.vim
124.317  000.167  000.167: sourcing /usr/share/nvim/runtime/plugin/gzip.vim
124.393  000.011  000.011: sourcing /usr/share/nvim/runtime/plugin/health.vim
124.517  000.062  000.062: sourcing /usr/share/nvim/runtime/plugin/man.vim
125.659  000.176  000.176: sourcing /usr/share/nvim/runtime/pack/dist/opt/matchit/plugin/matchit.vim
125.794  001.209  001.033: sourcing /usr/share/nvim/runtime/plugin/matchit.vim
125.977  000.119  000.119: sourcing /usr/share/nvim/runtime/plugin/matchparen.vim
126.058  000.016  000.016: sourcing /usr/share/nvim/runtime/plugin/netrwPlugin.vim
126.298  000.016  000.016: sourcing /home/jedi/.local/share/nvim/rplugin.vim
126.305  000.185  000.168: sourcing /usr/share/nvim/runtime/plugin/rplugin.vim
126.440  000.077  000.077: sourcing /usr/share/nvim/runtime/plugin/shada.vim
126.532  000.020  000.020: sourcing /usr/share/nvim/runtime/plugin/spellfile.vim
126.714  000.115  000.115: sourcing /usr/share/nvim/runtime/plugin/tarPlugin.vim
126.852  000.066  000.066: sourcing /usr/share/nvim/runtime/plugin/tohtml.vim
126.936  000.016  000.016: sourcing /usr/share/nvim/runtime/plugin/tutor.vim
127.143  000.141  000.141: sourcing /usr/share/nvim/runtime/plugin/zipPlugin.vim
127.731  000.466  000.466: sourcing /usr/share/vim/vimfiles/plugin/fzf.vim
127.884  000.079  000.079: sourcing /usr/share/vim/vimfiles/plugin/redact_pass.vim
129.878  001.131  001.131: sourcing /home/jedi/.config/nvim/plugin/packer_compiled.lua
130.044  004.214: loading rtp plugins
130.579  000.027  000.027: sourcing /home/jedi/.local/share/nvim/site/pack/packer/start/formatter.nvim/plugin/formatter.vim
130.967  000.134  000.134: sourcing /home/jedi/.local/share/nvim/site/pack/packer/start/hop.nvim/plugin/hop.vim
131.460  000.077  000.077: sourcing /home/jedi/.local/share/nvim/site/pack/packer/start/my-rooter/plugin/nvim-rooter.lua
131.712  000.026  000.026: sourcing /home/jedi/.local/share/nvim/site/pack/packer/start/nvim-colorizer.lua/plugin/colorizer.vim
132.017  000.096  000.096: sourcing /home/jedi/.local/share/nvim/site/pack/packer/start/nvim-tree.lua/plugin/nvim-tree-startup.lua
132.732  000.553  000.553: sourcing /home/jedi/.local/share/nvim/site/pack/packer/start/nvim-treesitter/plugin/nvim-treesitter.vim
132.971  000.030  000.030: sourcing /home/jedi/.local/share/nvim/site/pack/packer/start/nvim-web-devicons/plugin/nvim-web-devicons.vim
133.253  000.027  000.027: sourcing /home/jedi/.local/share/nvim/site/pack/packer/start/plenary.nvim/plugin/plenary.vim
133.614  000.092  000.092: sourcing /home/jedi/.local/share/nvim/site/pack/packer/start/rooter.nvim/plugin/rooter_nvim.lua
133.902  000.127  000.127: sourcing /home/jedi/.local/share/nvim/site/pack/packer/start/telescope.nvim/plugin/telescope.vim
134.117  000.027  000.027: sourcing /home/jedi/.local/share/nvim/site/pack/packer/start/toggleterm.nvim/plugin/toggleterm.vim
134.479  000.177  000.177: sourcing /home/jedi/.local/share/nvim/site/pack/packer/start/vim-rooter/plugin/rooter.vim
134.758  003.322: loading packages
136.014  001.256: loading after plugins
136.024  000.010: inits 3
143.211  007.186: reading ShaDa
164.396  000.556  000.556: sourcing /usr/share/nvim/runtime/syntax/lua.vim
166.125  000.065  000.065: sourcing /usr/share/nvim/runtime/ftplugin/lua.vim
167.015  000.228  000.228: sourcing /home/jedi/.config/nvim/ftplugin/lua.lua
168.012  000.039  000.039: sourcing /usr/share/nvim/runtime/indent/lua.vim
172.699  000.540  000.540: sourcing /usr/share/nvim/runtime/syntax/lua.vim
174.302  000.328  000.328: sourcing /usr/share/nvim/runtime/autoload/provider/clipboard.vim
175.598  030.630: opening buffers
176.251  000.653: BufEnter autocommands
176.254  000.003: editing files in windows
178.377  002.123: VimEnter autocommands
178.380  000.003: UIEnter autocommands
178.383  000.003: before starting main loop
191.725  013.342: first screen update
191.729  000.004: --- NVIM STARTED ---


times in msec
 clock   self+sourced   self:  sourced script
 clock   elapsed:              other lines

000.036  000.036: --- NVIM STARTING ---
000.505  000.469: locale set
001.159  000.654: inits 1
001.183  000.024: window checked
009.397  008.214: parsing arguments
009.532  000.136: expanding arguments
009.566  000.033: inits 2
010.664  001.098: init highlight
010.668  000.004: waiting for UI
011.890  001.221: done waiting for UI
011.934  000.044: init screen for UI
011.973  000.039: init default mappings
012.129  000.157: init default autocommands
012.426  000.026  000.026: sourcing /usr/share/nvim/archlinux.vim
012.438  000.165  000.139: sourcing /etc/xdg/nvim/sysinit.vim
017.257  000.213  000.213: sourcing /usr/share/nvim/runtime/syntax/synload.vim
030.504  000.029  000.029: sourcing /home/jedi/.local/share/nvim/site/pack/packer/start/nvim-treesitter/ftdetect/fusion.vim
030.643  000.036  000.036: sourcing /home/jedi/.local/share/nvim/site/pack/packer/start/nvim-treesitter/ftdetect/gdresource.vim
030.768  000.028  000.028: sourcing /home/jedi/.local/share/nvim/site/pack/packer/start/nvim-treesitter/ftdetect/gdscript.vim
030.890  000.023  000.023: sourcing /home/jedi/.local/share/nvim/site/pack/packer/start/nvim-treesitter/ftdetect/glimmer.vim
031.011  000.028  000.028: sourcing /home/jedi/.local/share/nvim/site/pack/packer/start/nvim-treesitter/ftdetect/glsl.vim
031.141  000.028  000.028: sourcing /home/jedi/.local/share/nvim/site/pack/packer/start/nvim-treesitter/ftdetect/gowork.vim
031.291  000.053  000.053: sourcing /home/jedi/.local/share/nvim/site/pack/packer/start/nvim-treesitter/ftdetect/graphql.vim
031.434  000.030  000.030: sourcing /home/jedi/.local/share/nvim/site/pack/packer/start/nvim-treesitter/ftdetect/hack.vim
031.577  000.038  000.038: sourcing /home/jedi/.local/share/nvim/site/pack/packer/start/nvim-treesitter/ftdetect/hcl.vim
031.699  000.024  000.024: sourcing /home/jedi/.local/share/nvim/site/pack/packer/start/nvim-treesitter/ftdetect/heex.vim
031.825  000.027  000.027: sourcing /home/jedi/.local/share/nvim/site/pack/packer/start/nvim-treesitter/ftdetect/hjson.vim
031.945  000.024  000.024: sourcing /home/jedi/.local/share/nvim/site/pack/packer/start/nvim-treesitter/ftdetect/json5.vim
032.084  000.039  000.039: sourcing /home/jedi/.local/share/nvim/site/pack/packer/start/nvim-treesitter/ftdetect/ledger.vim
032.211  000.027  000.027: sourcing /home/jedi/.local/share/nvim/site/pack/packer/start/nvim-treesitter/ftdetect/nix.vim
032.338  000.030  000.030: sourcing /home/jedi/.local/share/nvim/site/pack/packer/start/nvim-treesitter/ftdetect/prisma.vim
032.463  000.029  000.029: sourcing /home/jedi/.local/share/nvim/site/pack/packer/start/nvim-treesitter/ftdetect/pug.vim
032.588  000.029  000.029: sourcing /home/jedi/.local/share/nvim/site/pack/packer/start/nvim-treesitter/ftdetect/ql.vim
032.733  000.045  000.045: sourcing /home/jedi/.local/share/nvim/site/pack/packer/start/nvim-treesitter/ftdetect/query.vim
032.857  000.024  000.024: sourcing /home/jedi/.local/share/nvim/site/pack/packer/start/nvim-treesitter/ftdetect/surface.vim
032.979  000.022  000.022: sourcing /home/jedi/.local/share/nvim/site/pack/packer/start/nvim-treesitter/ftdetect/teal.vim
033.107  000.028  000.028: sourcing /home/jedi/.local/share/nvim/site/pack/packer/start/nvim-treesitter/ftdetect/tlaplus.vim
033.235  000.031  000.031: sourcing /home/jedi/.local/share/nvim/site/pack/packer/start/nvim-treesitter/ftdetect/yang.vim
033.527  000.028  000.028: sourcing /usr/share/vim/vimfiles/ftdetect/PKGBUILD.vim
034.066  016.377  015.675: sourcing /usr/share/nvim/runtime/filetype.vim
037.050  001.424  001.424: sourcing /usr/share/nvim/runtime/syntax/lua.vim
038.524  021.954  003.939: sourcing /usr/share/nvim/runtime/syntax/syntax.vim
048.316  007.989  007.989: sourcing /home/jedi/.local/share/nvim/site/pack/packer/start/material.nvim/colors/material.vim
118.167  105.252  075.309: sourcing /home/jedi/.config/nvim/init.lua
118.256  000.709: sourcing vimrc file(s)
118.522  000.055  000.055: sourcing /usr/share/nvim/runtime/ftplugin.vim
118.763  000.028  000.028: sourcing /usr/share/nvim/runtime/indent.vim
120.844  000.169  000.169: sourcing /usr/share/nvim/runtime/plugin/gzip.vim
120.927  000.011  000.011: sourcing /usr/share/nvim/runtime/plugin/health.vim
121.058  000.064  000.064: sourcing /usr/share/nvim/runtime/plugin/man.vim
122.281  000.178  000.178: sourcing /usr/share/nvim/runtime/pack/dist/opt/matchit/plugin/matchit.vim
122.418  001.291  001.113: sourcing /usr/share/nvim/runtime/plugin/matchit.vim
122.606  000.119  000.119: sourcing /usr/share/nvim/runtime/plugin/matchparen.vim
122.693  000.017  000.017: sourcing /usr/share/nvim/runtime/plugin/netrwPlugin.vim
122.945  000.018  000.018: sourcing /home/jedi/.local/share/nvim/rplugin.vim
122.952  000.191  000.173: sourcing /usr/share/nvim/runtime/plugin/rplugin.vim
123.096  000.078  000.078: sourcing /usr/share/nvim/runtime/plugin/shada.vim
123.191  000.020  000.020: sourcing /usr/share/nvim/runtime/plugin/spellfile.vim
123.378  000.115  000.115: sourcing /usr/share/nvim/runtime/plugin/tarPlugin.vim
123.521  000.066  000.066: sourcing /usr/share/nvim/runtime/plugin/tohtml.vim
123.610  000.017  000.017: sourcing /usr/share/nvim/runtime/plugin/tutor.vim
123.822  000.141  000.141: sourcing /usr/share/nvim/runtime/plugin/zipPlugin.vim
124.431  000.477  000.477: sourcing /usr/share/vim/vimfiles/plugin/fzf.vim
124.589  000.080  000.080: sourcing /usr/share/vim/vimfiles/plugin/redact_pass.vim
126.848  001.232  001.232: sourcing /home/jedi/.config/nvim/plugin/packer_compiled.lua
127.015  004.588: loading rtp plugins
130.775  003.206  003.206: sourcing /home/jedi/.local/share/nvim/site/pack/packer/start/cmp-rooter/plugin/rooter_nvim.lua
130.975  000.028  000.028: sourcing /home/jedi/.local/share/nvim/site/pack/packer/start/formatter.nvim/plugin/formatter.vim
131.385  000.143  000.143: sourcing /home/jedi/.local/share/nvim/site/pack/packer/start/hop.nvim/plugin/hop.vim
131.921  000.026  000.026: sourcing /home/jedi/.local/share/nvim/site/pack/packer/start/nvim-colorizer.lua/plugin/colorizer.vim
132.222  000.083  000.083: sourcing /home/jedi/.local/share/nvim/site/pack/packer/start/nvim-rooter.lua/plugin/nvim-rooter.lua
132.515  000.100  000.100: sourcing /home/jedi/.local/share/nvim/site/pack/packer/start/nvim-tree.lua/plugin/nvim-tree-startup.lua
133.207  000.508  000.508: sourcing /home/jedi/.local/share/nvim/site/pack/packer/start/nvim-treesitter/plugin/nvim-treesitter.vim
133.443  000.031  000.031: sourcing /home/jedi/.local/share/nvim/site/pack/packer/start/nvim-web-devicons/plugin/nvim-web-devicons.vim
133.736  000.028  000.028: sourcing /home/jedi/.local/share/nvim/site/pack/packer/start/plenary.nvim/plugin/plenary.vim
134.125  000.125  000.125: sourcing /home/jedi/.local/share/nvim/site/pack/packer/start/telescope.nvim/plugin/telescope.vim
134.348  000.027  000.027: sourcing /home/jedi/.local/share/nvim/site/pack/packer/start/toggleterm.nvim/plugin/toggleterm.vim
134.725  000.185  000.185: sourcing /home/jedi/.local/share/nvim/site/pack/packer/start/vim-rooter/plugin/rooter.vim
135.033  003.527: loading packages
135.052  000.019: loading after plugins
135.061  000.009: inits 3
138.437  003.376: reading ShaDa
162.919  000.560  000.560: sourcing /usr/share/nvim/runtime/syntax/lua.vim
164.688  000.074  000.074: sourcing /usr/share/nvim/runtime/ftplugin/lua.vim
165.593  000.229  000.229: sourcing /home/jedi/.config/nvim/ftplugin/lua.lua
166.602  000.042  000.042: sourcing /usr/share/nvim/runtime/indent/lua.vim
171.346  000.539  000.539: sourcing /usr/share/nvim/runtime/syntax/lua.vim
172.951  000.333  000.333: sourcing /usr/share/nvim/runtime/autoload/provider/clipboard.vim
174.237  034.022: opening buffers
176.098  001.861: BufEnter autocommands
176.101  000.003: editing files in windows
180.085  003.984: VimEnter autocommands
180.090  000.005: UIEnter autocommands
180.094  000.004: before starting main loop
196.734  016.641: first screen update
196.739  000.004: --- NVIM STARTED ---
